<?xml version="1.0" encoding="UTF-8"?>
<testsuite name="com.ezyreach.profiling.controller.ProfileControllerTest" tests="4" skipped="0" failures="0" errors="0" timestamp="2021-01-31T22:43:03" hostname="NIRMAL-PC" time="0.989">
  <properties/>
  <testcase name="shouldReturnHttpStatusOk()" classname="com.ezyreach.profiling.controller.ProfileControllerTest" time="0.271"/>
  <testcase name="shouldReturnHttpStatusCreated()" classname="com.ezyreach.profiling.controller.ProfileControllerTest" time="0.514"/>
  <testcase name="mockMvcIsNotNull()" classname="com.ezyreach.profiling.controller.ProfileControllerTest" time="0.142"/>
  <testcase name="shouldReturnWelcome()" classname="com.ezyreach.profiling.controller.ProfileControllerTest" time="0.036"/>
  <system-out><![CDATA[04:12:55.114 [Test worker] DEBUG org.springframework.test.context.BootstrapUtils - Instantiating CacheAwareContextLoaderDelegate from class [org.springframework.test.context.cache.DefaultCacheAwareContextLoaderDelegate]
04:12:55.146 [Test worker] DEBUG org.springframework.test.context.BootstrapUtils - Instantiating BootstrapContext using constructor [public org.springframework.test.context.support.DefaultBootstrapContext(java.lang.Class,org.springframework.test.context.CacheAwareContextLoaderDelegate)]
04:12:55.244 [Test worker] DEBUG org.springframework.test.context.BootstrapUtils - Instantiating TestContextBootstrapper for test class [com.ezyreach.profiling.controller.ProfileControllerTest] from class [org.springframework.boot.test.context.SpringBootTestContextBootstrapper]
04:12:55.277 [Test worker] INFO org.springframework.boot.test.context.SpringBootTestContextBootstrapper - Neither @ContextConfiguration nor @ContextHierarchy found for test class [com.ezyreach.profiling.controller.ProfileControllerTest], using SpringBootContextLoader
04:12:55.286 [Test worker] DEBUG org.springframework.test.context.support.AbstractContextLoader - Did not detect default resource location for test class [com.ezyreach.profiling.controller.ProfileControllerTest]: class path resource [com/ezyreach/profiling/controller/ProfileControllerTest-context.xml] does not exist
04:12:55.288 [Test worker] DEBUG org.springframework.test.context.support.AbstractContextLoader - Did not detect default resource location for test class [com.ezyreach.profiling.controller.ProfileControllerTest]: class path resource [com/ezyreach/profiling/controller/ProfileControllerTestContext.groovy] does not exist
04:12:55.290 [Test worker] INFO org.springframework.test.context.support.AbstractContextLoader - Could not detect default resource locations for test class [com.ezyreach.profiling.controller.ProfileControllerTest]: no resource found for suffixes {-context.xml, Context.groovy}.
04:12:55.292 [Test worker] INFO org.springframework.test.context.support.AnnotationConfigContextLoaderUtils - Could not detect default configuration classes for test class [com.ezyreach.profiling.controller.ProfileControllerTest]: ProfileControllerTest does not declare any static, non-private, non-final, nested classes annotated with @Configuration.
04:12:55.439 [Test worker] DEBUG org.springframework.test.context.support.ActiveProfilesUtils - Could not find an 'annotation declaring class' for annotation type [org.springframework.test.context.ActiveProfiles] and class [com.ezyreach.profiling.controller.ProfileControllerTest]
04:12:55.779 [Test worker] DEBUG org.springframework.context.annotation.ClassPathScanningCandidateComponentProvider - Identified candidate component class: file [C:\Users\Nirmal-PC\Downloads\customer-profile-test\customer-profile-service\build\classes\java\main\com\ezyreach\profiling\BootstrapApp.class]
04:12:55.782 [Test worker] INFO org.springframework.boot.test.context.SpringBootTestContextBootstrapper - Found @SpringBootConfiguration com.ezyreach.profiling.BootstrapApp for test class com.ezyreach.profiling.controller.ProfileControllerTest
04:12:56.039 [Test worker] DEBUG org.springframework.boot.test.context.SpringBootTestContextBootstrapper - @TestExecutionListeners is not present for class [com.ezyreach.profiling.controller.ProfileControllerTest]: using defaults.
04:12:56.040 [Test worker] INFO org.springframework.boot.test.context.SpringBootTestContextBootstrapper - Loaded default TestExecutionListener class names from location [META-INF/spring.factories]: [org.springframework.boot.test.autoconfigure.restdocs.RestDocsTestExecutionListener, org.springframework.boot.test.autoconfigure.web.client.MockRestServiceServerResetTestExecutionListener, org.springframework.boot.test.autoconfigure.web.servlet.MockMvcPrintOnlyOnFailureTestExecutionListener, org.springframework.boot.test.autoconfigure.web.servlet.WebDriverTestExecutionListener, org.springframework.boot.test.autoconfigure.webservices.client.MockWebServiceServerTestExecutionListener, org.springframework.boot.test.mock.mockito.MockitoTestExecutionListener, org.springframework.boot.test.mock.mockito.ResetMocksTestExecutionListener, org.springframework.test.context.web.ServletTestExecutionListener, org.springframework.test.context.support.DirtiesContextBeforeModesTestExecutionListener, org.springframework.test.context.support.DependencyInjectionTestExecutionListener, org.springframework.test.context.support.DirtiesContextTestExecutionListener, org.springframework.test.context.transaction.TransactionalTestExecutionListener, org.springframework.test.context.jdbc.SqlScriptsTestExecutionListener, org.springframework.test.context.event.EventPublishingTestExecutionListener]
04:12:56.068 [Test worker] DEBUG org.springframework.boot.test.context.SpringBootTestContextBootstrapper - Skipping candidate TestExecutionListener [org.springframework.test.context.transaction.TransactionalTestExecutionListener] due to a missing dependency. Specify custom listener classes or make the default listener classes and their required dependencies available. Offending class: [org/springframework/transaction/interceptor/TransactionAttributeSource]
04:12:56.071 [Test worker] DEBUG org.springframework.boot.test.context.SpringBootTestContextBootstrapper - Skipping candidate TestExecutionListener [org.springframework.test.context.jdbc.SqlScriptsTestExecutionListener] due to a missing dependency. Specify custom listener classes or make the default listener classes and their required dependencies available. Offending class: [org/springframework/transaction/interceptor/TransactionAttribute]
04:12:56.072 [Test worker] INFO org.springframework.boot.test.context.SpringBootTestContextBootstrapper - Using TestExecutionListeners: [org.springframework.test.context.web.ServletTestExecutionListener@78fed465, org.springframework.test.context.support.DirtiesContextBeforeModesTestExecutionListener@111bb028, org.springframework.boot.test.mock.mockito.MockitoTestExecutionListener@2d0342ed, org.springframework.boot.test.autoconfigure.SpringBootDependencyInjectionTestExecutionListener@5e8713b8, org.springframework.test.context.support.DirtiesContextTestExecutionListener@5054a9f1, org.springframework.test.context.event.EventPublishingTestExecutionListener@1c82c923, org.springframework.boot.test.autoconfigure.restdocs.RestDocsTestExecutionListener@2ba1f474, org.springframework.boot.test.autoconfigure.web.client.MockRestServiceServerResetTestExecutionListener@4d5d386b, org.springframework.boot.test.autoconfigure.web.servlet.MockMvcPrintOnlyOnFailureTestExecutionListener@38b31b10, org.springframework.boot.test.autoconfigure.web.servlet.WebDriverTestExecutionListener@327206f4, org.springframework.boot.test.autoconfigure.webservices.client.MockWebServiceServerTestExecutionListener@1654569a, org.springframework.boot.test.mock.mockito.ResetMocksTestExecutionListener@32eeaa5b]
04:12:56.086 [Test worker] DEBUG org.springframework.test.context.support.AbstractDirtiesContextTestExecutionListener - Before test class: context [DefaultTestContext@4cbb6994 testClass = ProfileControllerTest, testInstance = [null], testMethod = [null], testException = [null], mergedContextConfiguration = [WebMergedContextConfiguration@7d9e747c testClass = ProfileControllerTest, locations = '{}', classes = '{class com.ezyreach.profiling.BootstrapApp}', contextInitializerClasses = '[]', activeProfiles = '{}', propertySourceLocations = '{}', propertySourceProperties = '{org.springframework.boot.test.context.SpringBootTestContextBootstrapper=true}', contextCustomizers = set[org.springframework.boot.test.autoconfigure.properties.PropertyMappingContextCustomizer@4b3fa0b3, org.springframework.boot.test.autoconfigure.web.servlet.WebDriverContextCustomizerFactory$Customizer@5697b93d, [ImportsContextCustomizer@3ad50e94 key = [org.springframework.boot.test.autoconfigure.web.servlet.MockMvcAutoConfiguration, org.springframework.boot.test.autoconfigure.web.servlet.MockMvcWebClientAutoConfiguration, org.springframework.boot.test.autoconfigure.web.servlet.MockMvcWebDriverAutoConfiguration, org.springframework.boot.autoconfigure.security.oauth2.client.servlet.OAuth2ClientAutoConfiguration, org.springframework.boot.autoconfigure.security.oauth2.resource.servlet.OAuth2ResourceServerAutoConfiguration, org.springframework.boot.autoconfigure.security.servlet.SecurityAutoConfiguration, org.springframework.boot.autoconfigure.security.servlet.SecurityFilterAutoConfiguration, org.springframework.boot.autoconfigure.security.servlet.UserDetailsServiceAutoConfiguration, org.springframework.boot.test.autoconfigure.web.servlet.MockMvcSecurityConfiguration]], org.springframework.boot.test.context.filter.ExcludeFilterContextCustomizer@54f25703, org.springframework.boot.test.json.DuplicateJsonObjectContextCustomizerFactory$DuplicateJsonObjectContextCustomizer@74233578, org.springframework.boot.test.mock.mockito.MockitoContextCustomizer@5cd00756, org.springframework.boot.test.web.client.TestRestTemplateContextCustomizer@c55e875, org.springframework.boot.test.context.SpringBootTestArgs@1], resourceBasePath = 'src/main/webapp', contextLoader = 'org.springframework.boot.test.context.SpringBootContextLoader', parent = [null]], attributes = map['org.springframework.test.context.web.ServletTestExecutionListener.activateListener' -> true]], class annotated with @DirtiesContext [false] with mode [null].
04:12:56.177 [Test worker] DEBUG org.springframework.test.context.support.TestPropertySourceUtils - Adding inlined properties to environment: {spring.jmx.enabled=false, org.springframework.boot.test.context.SpringBootTestContextBootstrapper=true}

  .   ____          _            __ _ _
 /\\ / ___'_ __ _ _(_)_ __  __ _ \ \ \ \
( ( )\___ | '_ | '_| | '_ \/ _` | \ \ \ \
 \\/  ___)| |_)| | | | | || (_| |  ) ) ) )
  '  |____| .__|_| |_|_| |_\__, | / / / /
 =========|_|==============|___/=/_/_/_/
 :: Spring Boot ::        (v2.3.2.RELEASE)

2021-02-01 04:12:57.410  INFO 14968 --- [    Test worker] c.e.p.controller.ProfileControllerTest   : Starting ProfileControllerTest on NIRMAL-PC with PID 14968 (started by Nirmal-PC in C:\Users\Nirmal-PC\Downloads\customer-profile-test\customer-profile-service)
2021-02-01 04:12:57.443  INFO 14968 --- [    Test worker] c.e.p.controller.ProfileControllerTest   : No active profile set, falling back to default profiles: default
2021-02-01 04:13:02.236  INFO 14968 --- [    Test worker] o.s.s.concurrent.ThreadPoolTaskExecutor  : Initializing ExecutorService 'applicationTaskExecutor'
2021-02-01 04:13:03.169  INFO 14968 --- [    Test worker] o.s.b.t.m.w.SpringBootMockServletContext : Initializing Spring TestDispatcherServlet ''
2021-02-01 04:13:03.170  INFO 14968 --- [    Test worker] o.s.t.web.servlet.TestDispatcherServlet  : Initializing Servlet ''
2021-02-01 04:13:03.210  INFO 14968 --- [    Test worker] o.s.t.web.servlet.TestDispatcherServlet  : Completed initialization in 39 ms
2021-02-01 04:13:03.348  INFO 14968 --- [    Test worker] c.e.p.controller.ProfileControllerTest   : Started ProfileControllerTest in 7.113 seconds (JVM running for 12.033)
]]></system-out>
  <system-err><![CDATA[]]></system-err>
</testsuite>
