<?xml version="1.0" encoding="UTF-8"?>
<testsuite name="com.ezyreach.profiling.controller.ProfileControllerTest" tests="1" skipped="0" failures="0" errors="0" timestamp="2021-02-01T04:45:12" hostname="NIRMAL-PC" time="0.585">
  <properties/>
  <testcase name="Test createProfile" classname="com.ezyreach.profiling.controller.ProfileControllerTest" time="0.585"/>
  <system-out><![CDATA[10:14:54.826 [Test worker] DEBUG org.springframework.test.context.BootstrapUtils - Instantiating CacheAwareContextLoaderDelegate from class [org.springframework.test.context.cache.DefaultCacheAwareContextLoaderDelegate]
10:14:54.859 [Test worker] DEBUG org.springframework.test.context.BootstrapUtils - Instantiating BootstrapContext using constructor [public org.springframework.test.context.support.DefaultBootstrapContext(java.lang.Class,org.springframework.test.context.CacheAwareContextLoaderDelegate)]
10:14:54.924 [Test worker] DEBUG org.springframework.test.context.BootstrapUtils - Instantiating TestContextBootstrapper for test class [com.ezyreach.profiling.controller.ProfileControllerTest] from class [org.springframework.boot.test.context.SpringBootTestContextBootstrapper]
10:14:54.964 [Test worker] INFO org.springframework.boot.test.context.SpringBootTestContextBootstrapper - Neither @ContextConfiguration nor @ContextHierarchy found for test class [com.ezyreach.profiling.controller.ProfileControllerTest], using SpringBootContextLoader
10:14:54.973 [Test worker] DEBUG org.springframework.test.context.support.AbstractContextLoader - Did not detect default resource location for test class [com.ezyreach.profiling.controller.ProfileControllerTest]: class path resource [com/ezyreach/profiling/controller/ProfileControllerTest-context.xml] does not exist
10:14:54.975 [Test worker] DEBUG org.springframework.test.context.support.AbstractContextLoader - Did not detect default resource location for test class [com.ezyreach.profiling.controller.ProfileControllerTest]: class path resource [com/ezyreach/profiling/controller/ProfileControllerTestContext.groovy] does not exist
10:14:54.975 [Test worker] INFO org.springframework.test.context.support.AbstractContextLoader - Could not detect default resource locations for test class [com.ezyreach.profiling.controller.ProfileControllerTest]: no resource found for suffixes {-context.xml, Context.groovy}.
10:14:54.977 [Test worker] INFO org.springframework.test.context.support.AnnotationConfigContextLoaderUtils - Could not detect default configuration classes for test class [com.ezyreach.profiling.controller.ProfileControllerTest]: ProfileControllerTest does not declare any static, non-private, non-final, nested classes annotated with @Configuration.
10:14:55.105 [Test worker] DEBUG org.springframework.test.context.support.ActiveProfilesUtils - Could not find an 'annotation declaring class' for annotation type [org.springframework.test.context.ActiveProfiles] and class [com.ezyreach.profiling.controller.ProfileControllerTest]
10:14:55.298 [Test worker] DEBUG org.springframework.context.annotation.ClassPathScanningCandidateComponentProvider - Identified candidate component class: file [C:\Users\Nirmal-PC\Downloads\customer-profile-test\service\build\classes\java\main\com\ezyreach\profiling\BootstrapApp.class]
10:14:55.300 [Test worker] INFO org.springframework.boot.test.context.SpringBootTestContextBootstrapper - Found @SpringBootConfiguration com.ezyreach.profiling.BootstrapApp for test class com.ezyreach.profiling.controller.ProfileControllerTest
10:14:55.593 [Test worker] DEBUG org.springframework.boot.test.context.SpringBootTestContextBootstrapper - @TestExecutionListeners is not present for class [com.ezyreach.profiling.controller.ProfileControllerTest]: using defaults.
10:14:55.593 [Test worker] INFO org.springframework.boot.test.context.SpringBootTestContextBootstrapper - Loaded default TestExecutionListener class names from location [META-INF/spring.factories]: [org.springframework.boot.test.autoconfigure.restdocs.RestDocsTestExecutionListener, org.springframework.boot.test.autoconfigure.web.client.MockRestServiceServerResetTestExecutionListener, org.springframework.boot.test.autoconfigure.web.servlet.MockMvcPrintOnlyOnFailureTestExecutionListener, org.springframework.boot.test.autoconfigure.web.servlet.WebDriverTestExecutionListener, org.springframework.boot.test.autoconfigure.webservices.client.MockWebServiceServerTestExecutionListener, org.springframework.boot.test.mock.mockito.MockitoTestExecutionListener, org.springframework.boot.test.mock.mockito.ResetMocksTestExecutionListener, org.springframework.test.context.web.ServletTestExecutionListener, org.springframework.test.context.support.DirtiesContextBeforeModesTestExecutionListener, org.springframework.test.context.support.DependencyInjectionTestExecutionListener, org.springframework.test.context.support.DirtiesContextTestExecutionListener, org.springframework.test.context.transaction.TransactionalTestExecutionListener, org.springframework.test.context.jdbc.SqlScriptsTestExecutionListener, org.springframework.test.context.event.EventPublishingTestExecutionListener]
10:14:55.652 [Test worker] INFO org.springframework.boot.test.context.SpringBootTestContextBootstrapper - Using TestExecutionListeners: [org.springframework.test.context.web.ServletTestExecutionListener@232a50a5, org.springframework.test.context.support.DirtiesContextBeforeModesTestExecutionListener@30125860, org.springframework.boot.test.mock.mockito.MockitoTestExecutionListener@2f348c94, org.springframework.boot.test.autoconfigure.SpringBootDependencyInjectionTestExecutionListener@10203ea8, org.springframework.test.context.support.DirtiesContextTestExecutionListener@61fefb71, org.springframework.test.context.transaction.TransactionalTestExecutionListener@430d6e76, org.springframework.test.context.jdbc.SqlScriptsTestExecutionListener@48560aaf, org.springframework.test.context.event.EventPublishingTestExecutionListener@5912b873, org.springframework.boot.test.autoconfigure.restdocs.RestDocsTestExecutionListener@4f21e553, org.springframework.boot.test.autoconfigure.web.client.MockRestServiceServerResetTestExecutionListener@67f74c1f, org.springframework.boot.test.autoconfigure.web.servlet.MockMvcPrintOnlyOnFailureTestExecutionListener@1f8c213c, org.springframework.boot.test.autoconfigure.web.servlet.WebDriverTestExecutionListener@5391c39e, org.springframework.boot.test.autoconfigure.webservices.client.MockWebServiceServerTestExecutionListener@13dabfc2, org.springframework.boot.test.mock.mockito.ResetMocksTestExecutionListener@4e109e12]
10:14:55.679 [Test worker] DEBUG org.springframework.test.context.support.AbstractDirtiesContextTestExecutionListener - Before test class: context [DefaultTestContext@1b6ac3d6 testClass = ProfileControllerTest, testInstance = [null], testMethod = [null], testException = [null], mergedContextConfiguration = [WebMergedContextConfiguration@58499c3 testClass = ProfileControllerTest, locations = '{}', classes = '{class com.ezyreach.profiling.BootstrapApp}', contextInitializerClasses = '[]', activeProfiles = '{}', propertySourceLocations = '{}', propertySourceProperties = '{org.springframework.boot.test.context.SpringBootTestContextBootstrapper=true}', contextCustomizers = set[org.springframework.boot.test.autoconfigure.properties.PropertyMappingContextCustomizer@4b3fa0b3, org.springframework.boot.test.autoconfigure.web.servlet.WebDriverContextCustomizerFactory$Customizer@4c7d575d, [ImportsContextCustomizer@74c25269 key = [org.springframework.boot.test.autoconfigure.web.servlet.MockMvcAutoConfiguration, org.springframework.boot.test.autoconfigure.web.servlet.MockMvcWebClientAutoConfiguration, org.springframework.boot.test.autoconfigure.web.servlet.MockMvcWebDriverAutoConfiguration, org.springframework.boot.autoconfigure.security.oauth2.client.servlet.OAuth2ClientAutoConfiguration, org.springframework.boot.autoconfigure.security.oauth2.resource.servlet.OAuth2ResourceServerAutoConfiguration, org.springframework.boot.autoconfigure.security.servlet.SecurityAutoConfiguration, org.springframework.boot.autoconfigure.security.servlet.SecurityFilterAutoConfiguration, org.springframework.boot.autoconfigure.security.servlet.UserDetailsServiceAutoConfiguration, org.springframework.boot.test.autoconfigure.web.servlet.MockMvcSecurityConfiguration]], org.springframework.boot.test.context.filter.ExcludeFilterContextCustomizer@204b8fe3, org.springframework.boot.test.json.DuplicateJsonObjectContextCustomizerFactory$DuplicateJsonObjectContextCustomizer@41c528c5, org.springframework.boot.test.mock.mockito.MockitoContextCustomizer@8af219a6, org.springframework.boot.test.web.client.TestRestTemplateContextCustomizer@3caeda64, org.springframework.boot.test.context.SpringBootTestArgs@1], resourceBasePath = 'src/main/webapp', contextLoader = 'org.springframework.boot.test.context.SpringBootContextLoader', parent = [null]], attributes = map['org.springframework.test.context.web.ServletTestExecutionListener.activateListener' -> true]], class annotated with @DirtiesContext [false] with mode [null].
10:14:55.742 [Test worker] DEBUG org.springframework.test.context.support.TestPropertySourceUtils - Adding inlined properties to environment: {spring.jmx.enabled=false, org.springframework.boot.test.context.SpringBootTestContextBootstrapper=true}

  .   ____          _            __ _ _
 /\\ / ___'_ __ _ _(_)_ __  __ _ \ \ \ \
( ( )\___ | '_ | '_| | '_ \/ _` | \ \ \ \
 \\/  ___)| |_)| | | | | || (_| |  ) ) ) )
  '  |____| .__|_| |_|_| |_\__, | / / / /
 =========|_|==============|___/=/_/_/_/
 :: Spring Boot ::        (v2.3.2.RELEASE)

2021-02-01 10:14:58.707  INFO [customer-profile-service,,,] 16960 --- [    Test worker] c.e.p.controller.ProfileControllerTest   : No active profile set, falling back to default profiles: default
2021-02-01 10:15:00.117  INFO [customer-profile-service,,,] 16960 --- [    Test worker] .s.d.r.c.RepositoryConfigurationDelegate : Bootstrapping Spring Data JPA repositories in DEFERRED mode.
2021-02-01 10:15:00.254  INFO [customer-profile-service,,,] 16960 --- [    Test worker] .s.d.r.c.RepositoryConfigurationDelegate : Finished Spring Data repository scanning in 114ms. Found 1 JPA repository interfaces.
2021-02-01 10:15:00.940  INFO [customer-profile-service,,,] 16960 --- [    Test worker] o.s.cloud.context.scope.GenericScope     : BeanFactory id=689cbdce-8d71-3c17-a50d-5bc2eaf14356
2021-02-01 10:15:03.751  INFO [customer-profile-service,,,] 16960 --- [    Test worker] o.f.c.internal.license.VersionPrinter    : Flyway Community Edition 6.4.4 by Redgate
2021-02-01 10:15:04.298  INFO [customer-profile-service,,,] 16960 --- [    Test worker] o.f.c.internal.database.DatabaseFactory  : Database: jdbc:postgresql://localhost:5432/ezyreach (PostgreSQL 13.1)
2021-02-01 10:15:04.316  WARN [customer-profile-service,,,] 16960 --- [    Test worker] o.f.c.internal.database.base.Database    : Flyway upgrade recommended: PostgreSQL 13.1 is newer than this version of Flyway and support has not been tested. The latest supported version of PostgreSQL is 12.
2021-02-01 10:15:04.375  INFO [customer-profile-service,,,] 16960 --- [    Test worker] o.f.core.internal.command.DbValidate     : Successfully validated 0 migrations (execution time 00:00.029s)
2021-02-01 10:15:04.379  WARN [customer-profile-service,,,] 16960 --- [    Test worker] o.f.core.internal.command.DbValidate     : No migrations found. Are your locations set up correctly?
2021-02-01 10:15:04.400  INFO [customer-profile-service,,,] 16960 --- [    Test worker] o.f.core.internal.command.DbMigrate      : Current version of schema "lsp": << Empty Schema >>
2021-02-01 10:15:04.404  INFO [customer-profile-service,,,] 16960 --- [    Test worker] o.f.core.internal.command.DbMigrate      : Schema "lsp" is up to date. No migration necessary.
2021-02-01 10:15:04.696  INFO [customer-profile-service,,,] 16960 --- [    Test worker] o.s.s.concurrent.ThreadPoolTaskExecutor  : Initializing ExecutorService 'applicationTaskExecutor'
2021-02-01 10:15:04.830  INFO [customer-profile-service,,,] 16960 --- [    Test worker] com.zaxxer.hikari.HikariDataSource       : HikariPool-1 - Starting...
2021-02-01 10:15:04.970  INFO [customer-profile-service,,,] 16960 --- [    Test worker] com.zaxxer.hikari.HikariDataSource       : HikariPool-1 - Start completed.
2021-02-01 10:15:05.212  INFO [customer-profile-service,,,] 16960 --- [         task-1] o.hibernate.jpa.internal.util.LogHelper  : HHH000204: Processing PersistenceUnitInfo [name: default]
2021-02-01 10:15:05.501  INFO [customer-profile-service,,,] 16960 --- [         task-1] org.hibernate.Version                    : HHH000412: Hibernate ORM core version 5.4.18.Final
2021-02-01 10:15:05.714  INFO [customer-profile-service,,,] 16960 --- [         task-1] o.hibernate.annotations.common.Version   : HCANN000001: Hibernate Commons Annotations {5.1.0.Final}
2021-02-01 10:15:06.233  INFO [customer-profile-service,,,] 16960 --- [         task-1] org.hibernate.dialect.Dialect            : HHH000400: Using dialect: org.hibernate.dialect.PostgreSQLDialect
2021-02-01 10:15:07.230  WARN [customer-profile-service,,,] 16960 --- [    Test worker] JpaBaseConfiguration$JpaWebConfiguration : spring.jpa.open-in-view is enabled by default. Therefore, database queries may be performed during view rendering. Explicitly configure spring.jpa.open-in-view to disable this warning
2021-02-01 10:15:09.250  INFO [customer-profile-service,,,] 16960 --- [         task-1] o.h.e.t.j.p.i.JtaPlatformInitiator       : HHH000490: Using JtaPlatform implementation: [org.hibernate.engine.transaction.jta.platform.internal.NoJtaPlatform]
2021-02-01 10:15:09.277  INFO [customer-profile-service,,,] 16960 --- [         task-1] j.LocalContainerEntityManagerFactoryBean : Initialized JPA EntityManagerFactory for persistence unit 'default'
2021-02-01 10:15:10.828  INFO [customer-profile-service,,,] 16960 --- [    Test worker] o.s.b.t.m.w.SpringBootMockServletContext : Initializing Spring TestDispatcherServlet ''
2021-02-01 10:15:10.828  INFO [customer-profile-service,,,] 16960 --- [    Test worker] o.s.t.web.servlet.TestDispatcherServlet  : Initializing Servlet ''
2021-02-01 10:15:10.880  INFO [customer-profile-service,,,] 16960 --- [    Test worker] o.s.t.web.servlet.TestDispatcherServlet  : Completed initialization in 52 ms
2021-02-01 10:15:11.997  INFO [customer-profile-service,,,] 16960 --- [    Test worker] DeferredRepositoryInitializationListener : Triggering deferred initialization of Spring Data repositories…
2021-02-01 10:15:12.696  INFO [customer-profile-service,,,] 16960 --- [    Test worker] DeferredRepositoryInitializationListener : Spring Data repositories initialized!
2021-02-01 10:15:12.730  INFO [customer-profile-service,,,] 16960 --- [    Test worker] c.e.p.controller.ProfileControllerTest   : Started ProfileControllerTest in 16.958 seconds (JVM running for 21.001)
]]></system-out>
  <system-err><![CDATA[]]></system-err>
</testsuite>
