<?xml version="1.0" encoding="UTF-8"?>
<testsuite name="com.ezyreach.profiling.controller.ProfileControllerTest" tests="1" skipped="0" failures="0" errors="0" timestamp="2021-02-01T03:03:03" hostname="NIRMAL-PC" time="1.802">
  <properties/>
  <testcase name="shouldReturnHttpStatusCreated()" classname="com.ezyreach.profiling.controller.ProfileControllerTest" time="1.802"/>
  <system-out><![CDATA[08:32:13.938 [Test worker] DEBUG org.springframework.test.context.BootstrapUtils - Instantiating CacheAwareContextLoaderDelegate from class [org.springframework.test.context.cache.DefaultCacheAwareContextLoaderDelegate]
08:32:13.969 [Test worker] DEBUG org.springframework.test.context.BootstrapUtils - Instantiating BootstrapContext using constructor [public org.springframework.test.context.support.DefaultBootstrapContext(java.lang.Class,org.springframework.test.context.CacheAwareContextLoaderDelegate)]
08:32:14.038 [Test worker] DEBUG org.springframework.test.context.BootstrapUtils - Instantiating TestContextBootstrapper for test class [com.ezyreach.profiling.controller.ProfileControllerTest] from class [org.springframework.boot.test.context.SpringBootTestContextBootstrapper]
08:32:14.152 [Test worker] INFO org.springframework.boot.test.context.SpringBootTestContextBootstrapper - Neither @ContextConfiguration nor @ContextHierarchy found for test class [com.ezyreach.profiling.controller.ProfileControllerTest], using SpringBootContextLoader
08:32:14.161 [Test worker] DEBUG org.springframework.test.context.support.AbstractContextLoader - Did not detect default resource location for test class [com.ezyreach.profiling.controller.ProfileControllerTest]: class path resource [com/ezyreach/profiling/controller/ProfileControllerTest-context.xml] does not exist
08:32:14.163 [Test worker] DEBUG org.springframework.test.context.support.AbstractContextLoader - Did not detect default resource location for test class [com.ezyreach.profiling.controller.ProfileControllerTest]: class path resource [com/ezyreach/profiling/controller/ProfileControllerTestContext.groovy] does not exist
08:32:14.163 [Test worker] INFO org.springframework.test.context.support.AbstractContextLoader - Could not detect default resource locations for test class [com.ezyreach.profiling.controller.ProfileControllerTest]: no resource found for suffixes {-context.xml, Context.groovy}.
08:32:14.165 [Test worker] INFO org.springframework.test.context.support.AnnotationConfigContextLoaderUtils - Could not detect default configuration classes for test class [com.ezyreach.profiling.controller.ProfileControllerTest]: ProfileControllerTest does not declare any static, non-private, non-final, nested classes annotated with @Configuration.
08:32:14.297 [Test worker] DEBUG org.springframework.test.context.support.ActiveProfilesUtils - Could not find an 'annotation declaring class' for annotation type [org.springframework.test.context.ActiveProfiles] and class [com.ezyreach.profiling.controller.ProfileControllerTest]
08:32:14.509 [Test worker] DEBUG org.springframework.context.annotation.ClassPathScanningCandidateComponentProvider - Identified candidate component class: file [C:\Users\Nirmal-PC\Downloads\customer-profile-test\service\build\classes\java\main\com\ezyreach\profiling\BootstrapApp.class]
08:32:14.511 [Test worker] INFO org.springframework.boot.test.context.SpringBootTestContextBootstrapper - Found @SpringBootConfiguration com.ezyreach.profiling.BootstrapApp for test class com.ezyreach.profiling.controller.ProfileControllerTest
08:32:14.792 [Test worker] DEBUG org.springframework.boot.test.context.SpringBootTestContextBootstrapper - @TestExecutionListeners is not present for class [com.ezyreach.profiling.controller.ProfileControllerTest]: using defaults.
08:32:14.793 [Test worker] INFO org.springframework.boot.test.context.SpringBootTestContextBootstrapper - Loaded default TestExecutionListener class names from location [META-INF/spring.factories]: [org.springframework.boot.test.autoconfigure.restdocs.RestDocsTestExecutionListener, org.springframework.boot.test.autoconfigure.web.client.MockRestServiceServerResetTestExecutionListener, org.springframework.boot.test.autoconfigure.web.servlet.MockMvcPrintOnlyOnFailureTestExecutionListener, org.springframework.boot.test.autoconfigure.web.servlet.WebDriverTestExecutionListener, org.springframework.boot.test.autoconfigure.webservices.client.MockWebServiceServerTestExecutionListener, org.springframework.boot.test.mock.mockito.MockitoTestExecutionListener, org.springframework.boot.test.mock.mockito.ResetMocksTestExecutionListener, org.springframework.test.context.web.ServletTestExecutionListener, org.springframework.test.context.support.DirtiesContextBeforeModesTestExecutionListener, org.springframework.test.context.support.DependencyInjectionTestExecutionListener, org.springframework.test.context.support.DirtiesContextTestExecutionListener, org.springframework.test.context.transaction.TransactionalTestExecutionListener, org.springframework.test.context.jdbc.SqlScriptsTestExecutionListener, org.springframework.test.context.event.EventPublishingTestExecutionListener]
08:32:14.853 [Test worker] INFO org.springframework.boot.test.context.SpringBootTestContextBootstrapper - Using TestExecutionListeners: [org.springframework.test.context.web.ServletTestExecutionListener@76c93c56, org.springframework.test.context.support.DirtiesContextBeforeModesTestExecutionListener@232a50a5, org.springframework.boot.test.mock.mockito.MockitoTestExecutionListener@30125860, org.springframework.boot.test.autoconfigure.SpringBootDependencyInjectionTestExecutionListener@2f348c94, org.springframework.test.context.support.DirtiesContextTestExecutionListener@10203ea8, org.springframework.test.context.transaction.TransactionalTestExecutionListener@61fefb71, org.springframework.test.context.jdbc.SqlScriptsTestExecutionListener@430d6e76, org.springframework.test.context.event.EventPublishingTestExecutionListener@48560aaf, org.springframework.boot.test.autoconfigure.restdocs.RestDocsTestExecutionListener@5912b873, org.springframework.boot.test.autoconfigure.web.client.MockRestServiceServerResetTestExecutionListener@4f21e553, org.springframework.boot.test.autoconfigure.web.servlet.MockMvcPrintOnlyOnFailureTestExecutionListener@67f74c1f, org.springframework.boot.test.autoconfigure.web.servlet.WebDriverTestExecutionListener@1f8c213c, org.springframework.boot.test.autoconfigure.webservices.client.MockWebServiceServerTestExecutionListener@5391c39e, org.springframework.boot.test.mock.mockito.ResetMocksTestExecutionListener@13dabfc2]
08:32:14.875 [Test worker] DEBUG org.springframework.test.context.support.AbstractDirtiesContextTestExecutionListener - Before test class: context [DefaultTestContext@67f1d218 testClass = ProfileControllerTest, testInstance = [null], testMethod = [null], testException = [null], mergedContextConfiguration = [WebMergedContextConfiguration@1b6ac3d6 testClass = ProfileControllerTest, locations = '{}', classes = '{class com.ezyreach.profiling.BootstrapApp}', contextInitializerClasses = '[]', activeProfiles = '{}', propertySourceLocations = '{}', propertySourceProperties = '{org.springframework.boot.test.context.SpringBootTestContextBootstrapper=true}', contextCustomizers = set[org.springframework.boot.test.autoconfigure.properties.PropertyMappingContextCustomizer@4b3fa0b3, org.springframework.boot.test.autoconfigure.web.servlet.WebDriverContextCustomizerFactory$Customizer@2cf171c3, [ImportsContextCustomizer@58499c3 key = [org.springframework.boot.test.autoconfigure.web.servlet.MockMvcAutoConfiguration, org.springframework.boot.test.autoconfigure.web.servlet.MockMvcWebClientAutoConfiguration, org.springframework.boot.test.autoconfigure.web.servlet.MockMvcWebDriverAutoConfiguration, org.springframework.boot.autoconfigure.security.oauth2.client.servlet.OAuth2ClientAutoConfiguration, org.springframework.boot.autoconfigure.security.oauth2.resource.servlet.OAuth2ResourceServerAutoConfiguration, org.springframework.boot.autoconfigure.security.servlet.SecurityAutoConfiguration, org.springframework.boot.autoconfigure.security.servlet.SecurityFilterAutoConfiguration, org.springframework.boot.autoconfigure.security.servlet.UserDetailsServiceAutoConfiguration, org.springframework.boot.test.autoconfigure.web.servlet.MockMvcSecurityConfiguration]], org.springframework.boot.test.context.filter.ExcludeFilterContextCustomizer@65d715bb, org.springframework.boot.test.json.DuplicateJsonObjectContextCustomizerFactory$DuplicateJsonObjectContextCustomizer@1c629c3f, org.springframework.boot.test.mock.mockito.MockitoContextCustomizer@83b22405, org.springframework.boot.test.web.client.TestRestTemplateContextCustomizer@26b170e5, org.springframework.boot.test.context.SpringBootTestArgs@1], resourceBasePath = 'src/main/webapp', contextLoader = 'org.springframework.boot.test.context.SpringBootContextLoader', parent = [null]], attributes = map['org.springframework.test.context.web.ServletTestExecutionListener.activateListener' -> true]], class annotated with @DirtiesContext [false] with mode [null].
08:32:14.926 [Test worker] DEBUG org.springframework.test.context.support.TestPropertySourceUtils - Adding inlined properties to environment: {spring.jmx.enabled=false, org.springframework.boot.test.context.SpringBootTestContextBootstrapper=true}

  .   ____          _            __ _ _
 /\\ / ___'_ __ _ _(_)_ __  __ _ \ \ \ \
( ( )\___ | '_ | '_| | '_ \/ _` | \ \ \ \
 \\/  ___)| |_)| | | | | || (_| |  ) ) ) )
  '  |____| .__|_| |_|_| |_\__, | / / / /
 =========|_|==============|___/=/_/_/_/
 :: Spring Boot ::        (v2.3.2.RELEASE)

2021-02-01 08:32:18.326  INFO [customer-profile-service,,,] 17732 --- [    Test worker] c.e.p.controller.ProfileControllerTest   : No active profile set, falling back to default profiles: default
2021-02-01 08:32:19.917  INFO [customer-profile-service,,,] 17732 --- [    Test worker] .s.d.r.c.RepositoryConfigurationDelegate : Bootstrapping Spring Data JPA repositories in DEFERRED mode.
2021-02-01 08:32:20.087  INFO [customer-profile-service,,,] 17732 --- [    Test worker] .s.d.r.c.RepositoryConfigurationDelegate : Finished Spring Data repository scanning in 140ms. Found 1 JPA repository interfaces.
2021-02-01 08:32:20.860  INFO [customer-profile-service,,,] 17732 --- [    Test worker] o.s.cloud.context.scope.GenericScope     : BeanFactory id=bcd780b2-c7b0-326b-887e-082d48448705
2021-02-01 08:32:31.174  INFO [customer-profile-service,,,] 17732 --- [    Test worker] o.s.s.concurrent.ThreadPoolTaskExecutor  : Initializing ExecutorService 'applicationTaskExecutor'
2021-02-01 08:32:31.508  INFO [customer-profile-service,,,] 17732 --- [    Test worker] com.zaxxer.hikari.HikariDataSource       : HikariPool-1 - Starting...
2021-02-01 08:32:34.698  INFO [customer-profile-service,,,] 17732 --- [    Test worker] com.zaxxer.hikari.HikariDataSource       : HikariPool-1 - Start completed.
2021-02-01 08:32:38.195  INFO [customer-profile-service,,,] 17732 --- [         task-1] o.hibernate.jpa.internal.util.LogHelper  : HHH000204: Processing PersistenceUnitInfo [name: default]
2021-02-01 08:32:42.190  INFO [customer-profile-service,,,] 17732 --- [         task-1] org.hibernate.Version                    : HHH000412: Hibernate ORM core version 5.4.18.Final
2021-02-01 08:32:46.869  INFO [customer-profile-service,,,] 17732 --- [         task-1] o.hibernate.annotations.common.Version   : HCANN000001: Hibernate Commons Annotations {5.1.0.Final}
2021-02-01 08:32:52.670  INFO [customer-profile-service,,,] 17732 --- [         task-1] org.hibernate.dialect.Dialect            : HHH000400: Using dialect: org.hibernate.dialect.PostgreSQL10Dialect
2021-02-01 08:32:54.411  WARN [customer-profile-service,,,] 17732 --- [    Test worker] JpaBaseConfiguration$JpaWebConfiguration : spring.jpa.open-in-view is enabled by default. Therefore, database queries may be performed during view rendering. Explicitly configure spring.jpa.open-in-view to disable this warning
2021-02-01 08:32:59.198  INFO [customer-profile-service,,,] 17732 --- [         task-1] o.h.e.t.j.p.i.JtaPlatformInitiator       : HHH000490: Using JtaPlatform implementation: [org.hibernate.engine.transaction.jta.platform.internal.NoJtaPlatform]
2021-02-01 08:32:59.228  INFO [customer-profile-service,,,] 17732 --- [         task-1] j.LocalContainerEntityManagerFactoryBean : Initialized JPA EntityManagerFactory for persistence unit 'default'
2021-02-01 08:33:00.557  INFO [customer-profile-service,,,] 17732 --- [    Test worker] o.s.b.t.m.w.SpringBootMockServletContext : Initializing Spring TestDispatcherServlet ''
2021-02-01 08:33:00.557  INFO [customer-profile-service,,,] 17732 --- [    Test worker] o.s.t.web.servlet.TestDispatcherServlet  : Initializing Servlet ''
2021-02-01 08:33:00.612  INFO [customer-profile-service,,,] 17732 --- [    Test worker] o.s.t.web.servlet.TestDispatcherServlet  : Completed initialization in 54 ms
2021-02-01 08:33:02.024  INFO [customer-profile-service,,,] 17732 --- [    Test worker] DeferredRepositoryInitializationListener : Triggering deferred initialization of Spring Data repositories…
2021-02-01 08:33:03.233  INFO [customer-profile-service,,,] 17732 --- [    Test worker] DeferredRepositoryInitializationListener : Spring Data repositories initialized!
2021-02-01 08:33:03.281  INFO [customer-profile-service,,,] 17732 --- [    Test worker] c.e.p.controller.ProfileControllerTest   : Started ProfileControllerTest in 48.321 seconds (JVM running for 54.009)
]]></system-out>
  <system-err><![CDATA[]]></system-err>
</testsuite>
