<?xml version="1.0" encoding="UTF-8"?>
<testsuite name="com.ezyreach.profiling.controller.ProfileControllerTest" tests="4" skipped="0" failures="0" errors="0" timestamp="2021-02-01T04:56:18" hostname="NIRMAL-PC" time="0.881">
  <properties/>
  <testcase name="shouldReturnHttpStatusOk()" classname="com.ezyreach.profiling.controller.ProfileControllerTest" time="0.213"/>
  <testcase name="shouldReturnHttpStatusCreated()" classname="com.ezyreach.profiling.controller.ProfileControllerTest" time="0.461"/>
  <testcase name="mockMvcIsNotNull()" classname="com.ezyreach.profiling.controller.ProfileControllerTest" time="0.167"/>
  <testcase name="shouldReturnWelcome()" classname="com.ezyreach.profiling.controller.ProfileControllerTest" time="0.029"/>
  <system-out><![CDATA[2021-02-01 10:26:09.433  INFO [customer-profile-service,,,] 17100 --- [    Test worker] .b.t.c.SpringBootTestContextBootstrapper : Neither @ContextConfiguration nor @ContextHierarchy found for test class [com.ezyreach.profiling.controller.ProfileControllerTest], using SpringBootContextLoader
2021-02-01 10:26:09.435  INFO [customer-profile-service,,,] 17100 --- [    Test worker] o.s.t.c.support.AbstractContextLoader    : Could not detect default resource locations for test class [com.ezyreach.profiling.controller.ProfileControllerTest]: no resource found for suffixes {-context.xml, Context.groovy}.
2021-02-01 10:26:09.436  INFO [customer-profile-service,,,] 17100 --- [    Test worker] t.c.s.AnnotationConfigContextLoaderUtils : Could not detect default configuration classes for test class [com.ezyreach.profiling.controller.ProfileControllerTest]: ProfileControllerTest does not declare any static, non-private, non-final, nested classes annotated with @Configuration.
2021-02-01 10:26:09.487  INFO [customer-profile-service,,,] 17100 --- [    Test worker] .b.t.c.SpringBootTestContextBootstrapper : Found @SpringBootConfiguration com.ezyreach.profiling.BootstrapApp for test class com.ezyreach.profiling.controller.ProfileControllerTest
2021-02-01 10:26:09.496  INFO [customer-profile-service,,,] 17100 --- [    Test worker] .b.t.c.SpringBootTestContextBootstrapper : Loaded default TestExecutionListener class names from location [META-INF/spring.factories]: [org.springframework.boot.test.autoconfigure.restdocs.RestDocsTestExecutionListener, org.springframework.boot.test.autoconfigure.web.client.MockRestServiceServerResetTestExecutionListener, org.springframework.boot.test.autoconfigure.web.servlet.MockMvcPrintOnlyOnFailureTestExecutionListener, org.springframework.boot.test.autoconfigure.web.servlet.WebDriverTestExecutionListener, org.springframework.boot.test.autoconfigure.webservices.client.MockWebServiceServerTestExecutionListener, org.springframework.boot.test.mock.mockito.MockitoTestExecutionListener, org.springframework.boot.test.mock.mockito.ResetMocksTestExecutionListener, org.springframework.test.context.web.ServletTestExecutionListener, org.springframework.test.context.support.DirtiesContextBeforeModesTestExecutionListener, org.springframework.test.context.support.DependencyInjectionTestExecutionListener, org.springframework.test.context.support.DirtiesContextTestExecutionListener, org.springframework.test.context.transaction.TransactionalTestExecutionListener, org.springframework.test.context.jdbc.SqlScriptsTestExecutionListener, org.springframework.test.context.event.EventPublishingTestExecutionListener]
2021-02-01 10:26:09.499  INFO [customer-profile-service,,,] 17100 --- [    Test worker] .b.t.c.SpringBootTestContextBootstrapper : Using TestExecutionListeners: [org.springframework.test.context.web.ServletTestExecutionListener@4e230edf, org.springframework.test.context.support.DirtiesContextBeforeModesTestExecutionListener@36328ea0, org.springframework.boot.test.mock.mockito.MockitoTestExecutionListener@10a77b46, org.springframework.boot.test.autoconfigure.SpringBootDependencyInjectionTestExecutionListener@5d0f6118, org.springframework.test.context.support.DirtiesContextTestExecutionListener@b8cd990, org.springframework.test.context.transaction.TransactionalTestExecutionListener@29e911cf, org.springframework.test.context.jdbc.SqlScriptsTestExecutionListener@23f22ff, org.springframework.test.context.event.EventPublishingTestExecutionListener@249e9401, org.springframework.boot.test.autoconfigure.restdocs.RestDocsTestExecutionListener@49b3895b, org.springframework.boot.test.autoconfigure.web.client.MockRestServiceServerResetTestExecutionListener@28b58ecb, org.springframework.boot.test.autoconfigure.web.servlet.MockMvcPrintOnlyOnFailureTestExecutionListener@53e679f8, org.springframework.boot.test.autoconfigure.web.servlet.WebDriverTestExecutionListener@308d119, org.springframework.boot.test.autoconfigure.webservices.client.MockWebServiceServerTestExecutionListener@56246972, org.springframework.boot.test.mock.mockito.ResetMocksTestExecutionListener@526376ab]

  .   ____          _            __ _ _
 /\\ / ___'_ __ _ _(_)_ __  __ _ \ \ \ \
( ( )\___ | '_ | '_| | '_ \/ _` | \ \ \ \
 \\/  ___)| |_)| | | | | || (_| |  ) ) ) )
  '  |____| .__|_| |_|_| |_\__, | / / / /
 =========|_|==============|___/=/_/_/_/
 :: Spring Boot ::        (v2.3.2.RELEASE)

2021-02-01 10:26:11.293  INFO [customer-profile-service,,,] 17100 --- [    Test worker] c.e.p.controller.ProfileControllerTest   : No active profile set, falling back to default profiles: default
2021-02-01 10:26:11.983  INFO [customer-profile-service,,,] 17100 --- [    Test worker] .s.d.r.c.RepositoryConfigurationDelegate : Bootstrapping Spring Data JPA repositories in DEFERRED mode.
2021-02-01 10:26:12.016  INFO [customer-profile-service,,,] 17100 --- [    Test worker] .s.d.r.c.RepositoryConfigurationDelegate : Finished Spring Data repository scanning in 30ms. Found 1 JPA repository interfaces.
2021-02-01 10:26:12.207  INFO [customer-profile-service,,,] 17100 --- [    Test worker] o.s.cloud.context.scope.GenericScope     : BeanFactory id=689cbdce-8d71-3c17-a50d-5bc2eaf14356
2021-02-01 10:26:13.023  INFO [customer-profile-service,,,] 17100 --- [    Test worker] o.f.c.internal.database.DatabaseFactory  : Database: jdbc:postgresql://localhost:5432/ezyreach (PostgreSQL 13.1)
2021-02-01 10:26:13.029  WARN [customer-profile-service,,,] 17100 --- [    Test worker] o.f.c.internal.database.base.Database    : Flyway upgrade recommended: PostgreSQL 13.1 is newer than this version of Flyway and support has not been tested. The latest supported version of PostgreSQL is 12.
2021-02-01 10:26:13.045  INFO [customer-profile-service,,,] 17100 --- [    Test worker] o.f.core.internal.command.DbValidate     : Successfully validated 0 migrations (execution time 00:00.011s)
2021-02-01 10:26:13.046  WARN [customer-profile-service,,,] 17100 --- [    Test worker] o.f.core.internal.command.DbValidate     : No migrations found. Are your locations set up correctly?
2021-02-01 10:26:13.056  INFO [customer-profile-service,,,] 17100 --- [    Test worker] o.f.core.internal.command.DbMigrate      : Current version of schema "lsp": << Empty Schema >>
2021-02-01 10:26:13.058  INFO [customer-profile-service,,,] 17100 --- [    Test worker] o.f.core.internal.command.DbMigrate      : Schema "lsp" is up to date. No migration necessary.
2021-02-01 10:26:13.247  INFO [customer-profile-service,,,] 17100 --- [    Test worker] o.s.s.concurrent.ThreadPoolTaskExecutor  : Initializing ExecutorService 'applicationTaskExecutor'
2021-02-01 10:26:13.292  INFO [customer-profile-service,,,] 17100 --- [    Test worker] com.zaxxer.hikari.HikariDataSource       : HikariPool-2 - Starting...
2021-02-01 10:26:13.413  INFO [customer-profile-service,,,] 17100 --- [    Test worker] com.zaxxer.hikari.HikariDataSource       : HikariPool-2 - Start completed.
2021-02-01 10:26:13.453  INFO [customer-profile-service,,,] 17100 --- [         task-1] o.hibernate.jpa.internal.util.LogHelper  : HHH000204: Processing PersistenceUnitInfo [name: default]
2021-02-01 10:26:13.477  INFO [customer-profile-service,,,] 17100 --- [         task-1] org.hibernate.dialect.Dialect            : HHH000400: Using dialect: org.hibernate.dialect.PostgreSQLDialect
2021-02-01 10:26:14.791  WARN [customer-profile-service,,,] 17100 --- [    Test worker] JpaBaseConfiguration$JpaWebConfiguration : spring.jpa.open-in-view is enabled by default. Therefore, database queries may be performed during view rendering. Explicitly configure spring.jpa.open-in-view to disable this warning
2021-02-01 10:26:15.374  INFO [customer-profile-service,,,] 17100 --- [         task-1] o.h.e.t.j.p.i.JtaPlatformInitiator       : HHH000490: Using JtaPlatform implementation: [org.hibernate.engine.transaction.jta.platform.internal.NoJtaPlatform]
2021-02-01 10:26:15.378  INFO [customer-profile-service,,,] 17100 --- [         task-1] j.LocalContainerEntityManagerFactoryBean : Initialized JPA EntityManagerFactory for persistence unit 'default'
2021-02-01 10:26:16.816  INFO [customer-profile-service,,,] 17100 --- [    Test worker] o.s.b.t.m.w.SpringBootMockServletContext : Initializing Spring TestDispatcherServlet ''
2021-02-01 10:26:16.817  INFO [customer-profile-service,,,] 17100 --- [    Test worker] o.s.t.web.servlet.TestDispatcherServlet  : Initializing Servlet ''
2021-02-01 10:26:16.870  INFO [customer-profile-service,,,] 17100 --- [    Test worker] o.s.t.web.servlet.TestDispatcherServlet  : Completed initialization in 52 ms
2021-02-01 10:26:18.104  INFO [customer-profile-service,,,] 17100 --- [    Test worker] DeferredRepositoryInitializationListener : Triggering deferred initialization of Spring Data repositoriesâ€¦
2021-02-01 10:26:18.383  INFO [customer-profile-service,,,] 17100 --- [    Test worker] DeferredRepositoryInitializationListener : Spring Data repositories initialized!
2021-02-01 10:26:18.409  INFO [customer-profile-service,,,] 17100 --- [    Test worker] c.e.p.controller.ProfileControllerTest   : Started ProfileControllerTest in 8.902 seconds (JVM running for 33.392)
]]></system-out>
  <system-err><![CDATA[]]></system-err>
</testsuite>
